2016-12-08 18:29:21,856 INFO [localhost-startStop-1] o.s.w.c.ContextLoader [ContextLoader.java:285] Root WebApplicationContext: initialization started
2016-12-08 18:29:22,256 INFO [localhost-startStop-1] o.s.w.c.s.XmlWebApplicationContext [AbstractApplicationContext.java:510] Refreshing Root WebApplicationContext: startup date [Thu Dec 08 18:29:22 CET 2016]; root of context hierarchy
2016-12-08 18:29:22,386 INFO [localhost-startStop-1] o.s.b.f.x.XmlBeanDefinitionReader [XmlBeanDefinitionReader.java:317] Loading XML bean definitions from class path resource [spring/business-config.xml]
2016-12-08 18:29:23,520 INFO [localhost-startStop-1] o.s.w.c.ContextLoader [ContextLoader.java:325] Root WebApplicationContext: initialization completed in 1555 ms
2016-12-08 18:29:23,598 INFO [localhost-startStop-1] o.s.w.s.DispatcherServlet [FrameworkServlet.java:485] FrameworkServlet 'springDispatcher': initialization started
2016-12-08 18:29:23,604 INFO [localhost-startStop-1] o.s.w.c.s.XmlWebApplicationContext [AbstractApplicationContext.java:510] Refreshing WebApplicationContext for namespace 'springDispatcher-servlet': startup date [Thu Dec 08 18:29:23 CET 2016]; parent: Root WebApplicationContext
2016-12-08 18:29:23,612 INFO [localhost-startStop-1] o.s.b.f.x.XmlBeanDefinitionReader [XmlBeanDefinitionReader.java:317] Loading XML bean definitions from class path resource [spring/mvc-core-config.xml]
2016-12-08 18:29:23,721 INFO [localhost-startStop-1] o.s.b.f.x.XmlBeanDefinitionReader [XmlBeanDefinitionReader.java:317] Loading XML bean definitions from class path resource [spring/mvc-view-config.xml]
2016-12-08 18:29:24,870 INFO [localhost-startStop-1] o.s.w.s.m.m.a.RequestMappingHandlerMapping [AbstractHandlerMethodMapping.java:217] Mapped "{[/api/groups/{id}],methods=[PUT],produces=[application/json]}" onto public void mk.ukim.finki.wp.web.GroupController.update(java.lang.Integer,mk.ukim.finki.wp.model.Group)
2016-12-08 18:29:24,871 INFO [localhost-startStop-1] o.s.w.s.m.m.a.RequestMappingHandlerMapping [AbstractHandlerMethodMapping.java:217] Mapped "{[/api/groups/{id}],methods=[DELETE],produces=[application/json]}" onto public void mk.ukim.finki.wp.web.GroupController.delete(java.lang.Integer)
2016-12-08 18:29:24,872 INFO [localhost-startStop-1] o.s.w.s.m.m.a.RequestMappingHandlerMapping [AbstractHandlerMethodMapping.java:217] Mapped "{[/api/groups],methods=[POST],produces=[application/json]}" onto public void mk.ukim.finki.wp.web.GroupController.save(mk.ukim.finki.wp.model.Group)
2016-12-08 18:29:24,872 INFO [localhost-startStop-1] o.s.w.s.m.m.a.RequestMappingHandlerMapping [AbstractHandlerMethodMapping.java:217] Mapped "{[/api/groups],methods=[GET],produces=[application/json]}" onto public java.util.List<mk.ukim.finki.wp.model.Group> mk.ukim.finki.wp.web.GroupController.findAll()
2016-12-08 18:29:24,873 INFO [localhost-startStop-1] o.s.w.s.m.m.a.RequestMappingHandlerMapping [AbstractHandlerMethodMapping.java:217] Mapped "{[/api/groups/{id}],methods=[GET],produces=[application/json]}" onto public mk.ukim.finki.wp.model.Group mk.ukim.finki.wp.web.GroupController.findById(java.lang.Integer)
2016-12-08 18:29:24,873 INFO [localhost-startStop-1] o.s.w.s.m.m.a.RequestMappingHandlerMapping [AbstractHandlerMethodMapping.java:217] Mapped "{[/],methods=[GET]}" onto public org.springframework.web.servlet.ModelAndView mk.ukim.finki.wp.web.PizzaOrderController.index()
2016-12-08 18:29:24,873 INFO [localhost-startStop-1] o.s.w.s.m.m.a.RequestMappingHandlerMapping [AbstractHandlerMethodMapping.java:217] Mapped "{[/ShowClientInfo],methods=[POST]}" onto public org.springframework.web.servlet.ModelAndView mk.ukim.finki.wp.web.PizzaOrderController.ShowClientInfo(java.lang.String,javax.servlet.http.HttpSession)
2016-12-08 18:29:24,873 INFO [localhost-startStop-1] o.s.w.s.m.m.a.RequestMappingHandlerMapping [AbstractHandlerMethodMapping.java:217] Mapped "{[/PlaceOrder],methods=[POST]}" onto public org.springframework.web.servlet.ModelAndView mk.ukim.finki.wp.web.PizzaOrderController.PlaceOrder(java.lang.String,java.lang.String,javax.servlet.http.HttpSession)
2016-12-08 18:29:24,998 INFO [localhost-startStop-1] o.h.v.i.u.Version [Version.java:27] HV000001: Hibernate Validator 5.1.3.Final
2016-12-08 18:29:31,035 INFO [localhost-startStop-1] o.s.w.s.m.m.a.RequestMappingHandlerAdapter [RequestMappingHandlerAdapter.java:517] Looking for @ControllerAdvice: WebApplicationContext for namespace 'springDispatcher-servlet': startup date [Thu Dec 08 18:29:23 CET 2016]; parent: Root WebApplicationContext
2016-12-08 18:29:31,196 INFO [localhost-startStop-1] o.s.w.s.m.m.a.RequestMappingHandlerAdapter [RequestMappingHandlerAdapter.java:517] Looking for @ControllerAdvice: WebApplicationContext for namespace 'springDispatcher-servlet': startup date [Thu Dec 08 18:29:23 CET 2016]; parent: Root WebApplicationContext
2016-12-08 18:29:31,338 INFO [localhost-startStop-1] o.s.w.s.h.SimpleUrlHandlerMapping [AbstractUrlHandlerMapping.java:314] Mapped URL path [/**] onto handler 'org.springframework.web.servlet.resource.ResourceHttpRequestHandler#0'
2016-12-08 18:29:31,355 INFO [localhost-startStop-1] o.s.w.s.h.SimpleUrlHandlerMapping [AbstractUrlHandlerMapping.java:301] Root mapping to handler of type [class org.springframework.web.servlet.mvc.ParameterizableViewController]
2016-12-08 18:29:31,366 INFO [localhost-startStop-1] o.s.w.s.h.SimpleUrlHandlerMapping [AbstractUrlHandlerMapping.java:314] Mapped URL path [/**] onto handler 'org.springframework.web.servlet.resource.DefaultServletHttpRequestHandler#0'
2016-12-08 18:29:31,409 INFO [localhost-startStop-1] o.s.w.s.DispatcherServlet [FrameworkServlet.java:504] FrameworkServlet 'springDispatcher': initialization completed in 7810 ms
2016-12-08 18:48:57,154 INFO [localhost-startStop-1] o.s.w.c.ContextLoader [ContextLoader.java:285] Root WebApplicationContext: initialization started
2016-12-08 18:48:57,531 INFO [localhost-startStop-1] o.s.w.c.s.XmlWebApplicationContext [AbstractApplicationContext.java:510] Refreshing Root WebApplicationContext: startup date [Thu Dec 08 18:48:57 CET 2016]; root of context hierarchy
2016-12-08 18:48:57,656 INFO [localhost-startStop-1] o.s.b.f.x.XmlBeanDefinitionReader [XmlBeanDefinitionReader.java:317] Loading XML bean definitions from class path resource [spring/business-config.xml]
2016-12-08 18:49:01,004 INFO [localhost-startStop-1] o.s.w.c.ContextLoader [ContextLoader.java:325] Root WebApplicationContext: initialization completed in 3828 ms
2016-12-08 18:49:01,081 INFO [localhost-startStop-1] o.s.w.s.DispatcherServlet [FrameworkServlet.java:485] FrameworkServlet 'springDispatcher': initialization started
2016-12-08 18:49:01,086 INFO [localhost-startStop-1] o.s.w.c.s.XmlWebApplicationContext [AbstractApplicationContext.java:510] Refreshing WebApplicationContext for namespace 'springDispatcher-servlet': startup date [Thu Dec 08 18:49:01 CET 2016]; parent: Root WebApplicationContext
2016-12-08 18:49:01,092 INFO [localhost-startStop-1] o.s.b.f.x.XmlBeanDefinitionReader [XmlBeanDefinitionReader.java:317] Loading XML bean definitions from class path resource [spring/mvc-core-config.xml]
2016-12-08 18:49:01,242 INFO [localhost-startStop-1] o.s.b.f.x.XmlBeanDefinitionReader [XmlBeanDefinitionReader.java:317] Loading XML bean definitions from class path resource [spring/mvc-view-config.xml]
2016-12-08 18:49:03,686 INFO [localhost-startStop-1] o.s.w.s.m.m.a.RequestMappingHandlerMapping [AbstractHandlerMethodMapping.java:217] Mapped "{[/api/groups/{id}],methods=[PUT],produces=[application/json]}" onto public void mk.ukim.finki.wp.web.GroupController.update(java.lang.Integer,mk.ukim.finki.wp.model.Group)
2016-12-08 18:49:03,687 INFO [localhost-startStop-1] o.s.w.s.m.m.a.RequestMappingHandlerMapping [AbstractHandlerMethodMapping.java:217] Mapped "{[/api/groups/{id}],methods=[DELETE],produces=[application/json]}" onto public void mk.ukim.finki.wp.web.GroupController.delete(java.lang.Integer)
2016-12-08 18:49:03,687 INFO [localhost-startStop-1] o.s.w.s.m.m.a.RequestMappingHandlerMapping [AbstractHandlerMethodMapping.java:217] Mapped "{[/api/groups],methods=[POST],produces=[application/json]}" onto public void mk.ukim.finki.wp.web.GroupController.save(mk.ukim.finki.wp.model.Group)
2016-12-08 18:49:03,688 INFO [localhost-startStop-1] o.s.w.s.m.m.a.RequestMappingHandlerMapping [AbstractHandlerMethodMapping.java:217] Mapped "{[/api/groups/{id}],methods=[GET],produces=[application/json]}" onto public mk.ukim.finki.wp.model.Group mk.ukim.finki.wp.web.GroupController.findById(java.lang.Integer)
2016-12-08 18:49:03,689 INFO [localhost-startStop-1] o.s.w.s.m.m.a.RequestMappingHandlerMapping [AbstractHandlerMethodMapping.java:217] Mapped "{[/api/groups],methods=[GET],produces=[application/json]}" onto public java.util.List<mk.ukim.finki.wp.model.Group> mk.ukim.finki.wp.web.GroupController.findAll()
2016-12-08 18:49:03,690 INFO [localhost-startStop-1] o.s.w.s.m.m.a.RequestMappingHandlerMapping [AbstractHandlerMethodMapping.java:217] Mapped "{[/],methods=[GET]}" onto public org.springframework.web.servlet.ModelAndView mk.ukim.finki.wp.web.PizzaOrderController.index()
2016-12-08 18:49:03,693 INFO [localhost-startStop-1] o.s.w.s.m.m.a.RequestMappingHandlerMapping [AbstractHandlerMethodMapping.java:217] Mapped "{[/ShowClientInfo],methods=[POST]}" onto public org.springframework.web.servlet.ModelAndView mk.ukim.finki.wp.web.PizzaOrderController.ShowClientInfo(java.lang.String,javax.servlet.http.HttpSession)
2016-12-08 18:49:03,694 INFO [localhost-startStop-1] o.s.w.s.m.m.a.RequestMappingHandlerMapping [AbstractHandlerMethodMapping.java:217] Mapped "{[/PlaceOrder],methods=[POST]}" onto public org.springframework.web.servlet.ModelAndView mk.ukim.finki.wp.web.PizzaOrderController.PlaceOrder(java.lang.String,java.lang.String,javax.servlet.http.HttpSession)
2016-12-08 18:49:04,360 INFO [localhost-startStop-1] o.h.v.i.u.Version [Version.java:27] HV000001: Hibernate Validator 5.1.3.Final
2016-12-08 18:49:13,983 INFO [localhost-startStop-1] o.s.w.s.m.m.a.RequestMappingHandlerAdapter [RequestMappingHandlerAdapter.java:517] Looking for @ControllerAdvice: WebApplicationContext for namespace 'springDispatcher-servlet': startup date [Thu Dec 08 18:49:01 CET 2016]; parent: Root WebApplicationContext
2016-12-08 18:49:14,119 INFO [localhost-startStop-1] o.s.w.s.m.m.a.RequestMappingHandlerAdapter [RequestMappingHandlerAdapter.java:517] Looking for @ControllerAdvice: WebApplicationContext for namespace 'springDispatcher-servlet': startup date [Thu Dec 08 18:49:01 CET 2016]; parent: Root WebApplicationContext
2016-12-08 18:49:14,292 INFO [localhost-startStop-1] o.s.w.s.h.SimpleUrlHandlerMapping [AbstractUrlHandlerMapping.java:314] Mapped URL path [/**] onto handler 'org.springframework.web.servlet.resource.ResourceHttpRequestHandler#0'
2016-12-08 18:49:14,304 INFO [localhost-startStop-1] o.s.w.s.h.SimpleUrlHandlerMapping [AbstractUrlHandlerMapping.java:301] Root mapping to handler of type [class org.springframework.web.servlet.mvc.ParameterizableViewController]
2016-12-08 18:49:14,323 INFO [localhost-startStop-1] o.s.w.s.h.SimpleUrlHandlerMapping [AbstractUrlHandlerMapping.java:314] Mapped URL path [/**] onto handler 'org.springframework.web.servlet.resource.DefaultServletHttpRequestHandler#0'
2016-12-08 18:49:14,354 INFO [localhost-startStop-1] o.s.w.s.DispatcherServlet [FrameworkServlet.java:504] FrameworkServlet 'springDispatcher': initialization completed in 13272 ms
2016-12-08 18:51:44,866 INFO [localhost-startStop-1] o.s.w.c.ContextLoader [ContextLoader.java:285] Root WebApplicationContext: initialization started
2016-12-08 18:51:45,119 INFO [localhost-startStop-1] o.s.w.c.s.XmlWebApplicationContext [AbstractApplicationContext.java:510] Refreshing Root WebApplicationContext: startup date [Thu Dec 08 18:51:45 CET 2016]; root of context hierarchy
2016-12-08 18:51:45,228 INFO [localhost-startStop-1] o.s.b.f.x.XmlBeanDefinitionReader [XmlBeanDefinitionReader.java:317] Loading XML bean definitions from class path resource [spring/business-config.xml]
2016-12-08 18:51:45,999 INFO [localhost-startStop-1] o.s.w.c.ContextLoader [ContextLoader.java:325] Root WebApplicationContext: initialization completed in 1133 ms
2016-12-08 18:51:46,178 INFO [localhost-startStop-1] o.s.w.s.DispatcherServlet [FrameworkServlet.java:485] FrameworkServlet 'springDispatcher': initialization started
2016-12-08 18:51:46,186 INFO [localhost-startStop-1] o.s.w.c.s.XmlWebApplicationContext [AbstractApplicationContext.java:510] Refreshing WebApplicationContext for namespace 'springDispatcher-servlet': startup date [Thu Dec 08 18:51:46 CET 2016]; parent: Root WebApplicationContext
2016-12-08 18:51:46,192 INFO [localhost-startStop-1] o.s.b.f.x.XmlBeanDefinitionReader [XmlBeanDefinitionReader.java:317] Loading XML bean definitions from class path resource [spring/mvc-core-config.xml]
2016-12-08 18:51:46,326 INFO [localhost-startStop-1] o.s.b.f.x.XmlBeanDefinitionReader [XmlBeanDefinitionReader.java:317] Loading XML bean definitions from class path resource [spring/mvc-view-config.xml]
2016-12-08 18:51:47,338 INFO [localhost-startStop-1] o.s.w.s.m.m.a.RequestMappingHandlerMapping [AbstractHandlerMethodMapping.java:217] Mapped "{[/api/groups/{id}],methods=[PUT],produces=[application/json]}" onto public void mk.ukim.finki.wp.web.GroupController.update(java.lang.Integer,mk.ukim.finki.wp.model.Group)
2016-12-08 18:51:47,338 INFO [localhost-startStop-1] o.s.w.s.m.m.a.RequestMappingHandlerMapping [AbstractHandlerMethodMapping.java:217] Mapped "{[/api/groups/{id}],methods=[DELETE],produces=[application/json]}" onto public void mk.ukim.finki.wp.web.GroupController.delete(java.lang.Integer)
2016-12-08 18:51:47,338 INFO [localhost-startStop-1] o.s.w.s.m.m.a.RequestMappingHandlerMapping [AbstractHandlerMethodMapping.java:217] Mapped "{[/api/groups],methods=[POST],produces=[application/json]}" onto public void mk.ukim.finki.wp.web.GroupController.save(mk.ukim.finki.wp.model.Group)
2016-12-08 18:51:47,338 INFO [localhost-startStop-1] o.s.w.s.m.m.a.RequestMappingHandlerMapping [AbstractHandlerMethodMapping.java:217] Mapped "{[/api/groups],methods=[GET],produces=[application/json]}" onto public java.util.List<mk.ukim.finki.wp.model.Group> mk.ukim.finki.wp.web.GroupController.findAll()
2016-12-08 18:51:47,338 INFO [localhost-startStop-1] o.s.w.s.m.m.a.RequestMappingHandlerMapping [AbstractHandlerMethodMapping.java:217] Mapped "{[/api/groups/{id}],methods=[GET],produces=[application/json]}" onto public mk.ukim.finki.wp.model.Group mk.ukim.finki.wp.web.GroupController.findById(java.lang.Integer)
2016-12-08 18:51:47,338 INFO [localhost-startStop-1] o.s.w.s.m.m.a.RequestMappingHandlerMapping [AbstractHandlerMethodMapping.java:217] Mapped "{[/],methods=[GET]}" onto public org.springframework.web.servlet.ModelAndView mk.ukim.finki.wp.web.PizzaOrderController.index()
2016-12-08 18:51:47,338 INFO [localhost-startStop-1] o.s.w.s.m.m.a.RequestMappingHandlerMapping [AbstractHandlerMethodMapping.java:217] Mapped "{[/PlaceOrder],methods=[POST]}" onto public org.springframework.web.servlet.ModelAndView mk.ukim.finki.wp.web.PizzaOrderController.PlaceOrder(java.lang.String,java.lang.String,javax.servlet.http.HttpSession)
2016-12-08 18:51:47,353 INFO [localhost-startStop-1] o.s.w.s.m.m.a.RequestMappingHandlerMapping [AbstractHandlerMethodMapping.java:217] Mapped "{[/ShowClientInfo],methods=[POST]}" onto public org.springframework.web.servlet.ModelAndView mk.ukim.finki.wp.web.PizzaOrderController.ShowClientInfo(java.lang.String,javax.servlet.http.HttpSession)
2016-12-08 18:51:47,460 INFO [localhost-startStop-1] o.h.v.i.u.Version [Version.java:27] HV000001: Hibernate Validator 5.1.3.Final
2016-12-08 18:51:48,844 INFO [localhost-startStop-1] o.s.w.s.m.m.a.RequestMappingHandlerAdapter [RequestMappingHandlerAdapter.java:517] Looking for @ControllerAdvice: WebApplicationContext for namespace 'springDispatcher-servlet': startup date [Thu Dec 08 18:51:46 CET 2016]; parent: Root WebApplicationContext
2016-12-08 18:51:48,954 INFO [localhost-startStop-1] o.s.w.s.m.m.a.RequestMappingHandlerAdapter [RequestMappingHandlerAdapter.java:517] Looking for @ControllerAdvice: WebApplicationContext for namespace 'springDispatcher-servlet': startup date [Thu Dec 08 18:51:46 CET 2016]; parent: Root WebApplicationContext
2016-12-08 18:51:49,137 INFO [localhost-startStop-1] o.s.w.s.h.SimpleUrlHandlerMapping [AbstractUrlHandlerMapping.java:314] Mapped URL path [/**] onto handler 'org.springframework.web.servlet.resource.ResourceHttpRequestHandler#0'
2016-12-08 18:51:49,169 INFO [localhost-startStop-1] o.s.w.s.h.SimpleUrlHandlerMapping [AbstractUrlHandlerMapping.java:301] Root mapping to handler of type [class org.springframework.web.servlet.mvc.ParameterizableViewController]
2016-12-08 18:51:49,169 INFO [localhost-startStop-1] o.s.w.s.h.SimpleUrlHandlerMapping [AbstractUrlHandlerMapping.java:314] Mapped URL path [/**] onto handler 'org.springframework.web.servlet.resource.DefaultServletHttpRequestHandler#0'
2016-12-08 18:51:49,231 INFO [localhost-startStop-1] o.s.w.s.DispatcherServlet [FrameworkServlet.java:504] FrameworkServlet 'springDispatcher': initialization completed in 3053 ms
2016-12-08 18:59:36,373 INFO [localhost-startStop-1] o.s.w.c.ContextLoader [ContextLoader.java:285] Root WebApplicationContext: initialization started
2016-12-08 18:59:36,545 INFO [localhost-startStop-1] o.s.w.c.s.XmlWebApplicationContext [AbstractApplicationContext.java:510] Refreshing Root WebApplicationContext: startup date [Thu Dec 08 18:59:36 CET 2016]; root of context hierarchy
2016-12-08 18:59:36,639 INFO [localhost-startStop-1] o.s.b.f.x.XmlBeanDefinitionReader [XmlBeanDefinitionReader.java:317] Loading XML bean definitions from class path resource [spring/business-config.xml]
2016-12-08 18:59:37,155 INFO [localhost-startStop-1] o.s.w.c.ContextLoader [ContextLoader.java:325] Root WebApplicationContext: initialization completed in 766 ms
2016-12-08 18:59:37,217 INFO [localhost-startStop-1] o.s.w.s.DispatcherServlet [FrameworkServlet.java:485] FrameworkServlet 'springDispatcher': initialization started
2016-12-08 18:59:37,217 INFO [localhost-startStop-1] o.s.w.c.s.XmlWebApplicationContext [AbstractApplicationContext.java:510] Refreshing WebApplicationContext for namespace 'springDispatcher-servlet': startup date [Thu Dec 08 18:59:37 CET 2016]; parent: Root WebApplicationContext
2016-12-08 18:59:37,217 INFO [localhost-startStop-1] o.s.b.f.x.XmlBeanDefinitionReader [XmlBeanDefinitionReader.java:317] Loading XML bean definitions from class path resource [spring/mvc-core-config.xml]
2016-12-08 18:59:37,264 INFO [localhost-startStop-1] o.s.b.f.x.XmlBeanDefinitionReader [XmlBeanDefinitionReader.java:317] Loading XML bean definitions from class path resource [spring/mvc-view-config.xml]
2016-12-08 18:59:37,920 INFO [localhost-startStop-1] o.s.w.s.m.m.a.RequestMappingHandlerMapping [AbstractHandlerMethodMapping.java:217] Mapped "{[/api/groups/{id}],methods=[PUT],consumes=[application/json],produces=[application/json]}" onto public void mk.ukim.finki.wp.web.GroupController.update(java.lang.Integer,mk.ukim.finki.wp.model.Group)
2016-12-08 18:59:37,920 INFO [localhost-startStop-1] o.s.w.s.m.m.a.RequestMappingHandlerMapping [AbstractHandlerMethodMapping.java:217] Mapped "{[/api/groups/{id}],methods=[DELETE],consumes=[application/json],produces=[application/json]}" onto public void mk.ukim.finki.wp.web.GroupController.delete(java.lang.Integer)
2016-12-08 18:59:37,920 INFO [localhost-startStop-1] o.s.w.s.m.m.a.RequestMappingHandlerMapping [AbstractHandlerMethodMapping.java:217] Mapped "{[/api/groups],methods=[POST],consumes=[application/json],produces=[application/json]}" onto public void mk.ukim.finki.wp.web.GroupController.save(mk.ukim.finki.wp.model.Group)
2016-12-08 18:59:37,920 INFO [localhost-startStop-1] o.s.w.s.m.m.a.RequestMappingHandlerMapping [AbstractHandlerMethodMapping.java:217] Mapped "{[/api/groups],methods=[GET],consumes=[application/json],produces=[application/json]}" onto public java.util.List<mk.ukim.finki.wp.model.Group> mk.ukim.finki.wp.web.GroupController.findAll()
2016-12-08 18:59:37,920 INFO [localhost-startStop-1] o.s.w.s.m.m.a.RequestMappingHandlerMapping [AbstractHandlerMethodMapping.java:217] Mapped "{[/api/groups/{id}],methods=[GET],consumes=[application/json],produces=[application/json]}" onto public mk.ukim.finki.wp.model.Group mk.ukim.finki.wp.web.GroupController.findById(java.lang.Integer)
2016-12-08 18:59:37,936 INFO [localhost-startStop-1] o.s.w.s.m.m.a.RequestMappingHandlerMapping [AbstractHandlerMethodMapping.java:217] Mapped "{[/],methods=[GET]}" onto public org.springframework.web.servlet.ModelAndView mk.ukim.finki.wp.web.PizzaOrderController.index()
2016-12-08 18:59:37,936 INFO [localhost-startStop-1] o.s.w.s.m.m.a.RequestMappingHandlerMapping [AbstractHandlerMethodMapping.java:217] Mapped "{[/ShowClientInfo],methods=[POST]}" onto public org.springframework.web.servlet.ModelAndView mk.ukim.finki.wp.web.PizzaOrderController.ShowClientInfo(java.lang.String,javax.servlet.http.HttpSession)
2016-12-08 18:59:37,936 INFO [localhost-startStop-1] o.s.w.s.m.m.a.RequestMappingHandlerMapping [AbstractHandlerMethodMapping.java:217] Mapped "{[/PlaceOrder],methods=[POST]}" onto public org.springframework.web.servlet.ModelAndView mk.ukim.finki.wp.web.PizzaOrderController.PlaceOrder(java.lang.String,java.lang.String,javax.servlet.http.HttpSession)
2016-12-08 18:59:38,014 INFO [localhost-startStop-1] o.h.v.i.u.Version [Version.java:27] HV000001: Hibernate Validator 5.1.3.Final
2016-12-08 18:59:38,905 INFO [localhost-startStop-1] o.s.w.s.m.m.a.RequestMappingHandlerAdapter [RequestMappingHandlerAdapter.java:517] Looking for @ControllerAdvice: WebApplicationContext for namespace 'springDispatcher-servlet': startup date [Thu Dec 08 18:59:37 CET 2016]; parent: Root WebApplicationContext
2016-12-08 18:59:38,998 INFO [localhost-startStop-1] o.s.w.s.m.m.a.RequestMappingHandlerAdapter [RequestMappingHandlerAdapter.java:517] Looking for @ControllerAdvice: WebApplicationContext for namespace 'springDispatcher-servlet': startup date [Thu Dec 08 18:59:37 CET 2016]; parent: Root WebApplicationContext
2016-12-08 18:59:39,139 INFO [localhost-startStop-1] o.s.w.s.h.SimpleUrlHandlerMapping [AbstractUrlHandlerMapping.java:314] Mapped URL path [/**] onto handler 'org.springframework.web.servlet.resource.ResourceHttpRequestHandler#0'
2016-12-08 18:59:39,155 INFO [localhost-startStop-1] o.s.w.s.h.SimpleUrlHandlerMapping [AbstractUrlHandlerMapping.java:301] Root mapping to handler of type [class org.springframework.web.servlet.mvc.ParameterizableViewController]
2016-12-08 18:59:39,170 INFO [localhost-startStop-1] o.s.w.s.h.SimpleUrlHandlerMapping [AbstractUrlHandlerMapping.java:314] Mapped URL path [/**] onto handler 'org.springframework.web.servlet.resource.DefaultServletHttpRequestHandler#0'
2016-12-08 18:59:39,217 INFO [localhost-startStop-1] o.s.w.s.DispatcherServlet [FrameworkServlet.java:504] FrameworkServlet 'springDispatcher': initialization completed in 2000 ms
2016-12-08 19:00:39,889 INFO [localhost-startStop-1] o.s.w.c.ContextLoader [ContextLoader.java:285] Root WebApplicationContext: initialization started
2016-12-08 19:00:40,080 INFO [localhost-startStop-1] o.s.w.c.s.XmlWebApplicationContext [AbstractApplicationContext.java:510] Refreshing Root WebApplicationContext: startup date [Thu Dec 08 19:00:40 CET 2016]; root of context hierarchy
2016-12-08 19:00:40,205 INFO [localhost-startStop-1] o.s.b.f.x.XmlBeanDefinitionReader [XmlBeanDefinitionReader.java:317] Loading XML bean definitions from class path resource [spring/business-config.xml]
2016-12-08 19:00:41,108 INFO [localhost-startStop-1] o.s.w.c.ContextLoader [ContextLoader.java:325] Root WebApplicationContext: initialization completed in 1203 ms
2016-12-08 19:00:41,259 INFO [localhost-startStop-1] o.s.w.s.DispatcherServlet [FrameworkServlet.java:485] FrameworkServlet 'springDispatcher': initialization started
2016-12-08 19:00:41,273 INFO [localhost-startStop-1] o.s.w.c.s.XmlWebApplicationContext [AbstractApplicationContext.java:510] Refreshing WebApplicationContext for namespace 'springDispatcher-servlet': startup date [Thu Dec 08 19:00:41 CET 2016]; parent: Root WebApplicationContext
2016-12-08 19:00:41,275 INFO [localhost-startStop-1] o.s.b.f.x.XmlBeanDefinitionReader [XmlBeanDefinitionReader.java:317] Loading XML bean definitions from class path resource [spring/mvc-core-config.xml]
2016-12-08 19:00:41,368 INFO [localhost-startStop-1] o.s.b.f.x.XmlBeanDefinitionReader [XmlBeanDefinitionReader.java:317] Loading XML bean definitions from class path resource [spring/mvc-view-config.xml]
2016-12-08 19:00:42,946 INFO [localhost-startStop-1] o.s.w.s.m.m.a.RequestMappingHandlerMapping [AbstractHandlerMethodMapping.java:217] Mapped "{[/api/groups/{id}],methods=[PUT],produces=[application/json]}" onto public void mk.ukim.finki.wp.web.GroupController.update(java.lang.Integer,mk.ukim.finki.wp.model.Group)
2016-12-08 19:00:42,947 INFO [localhost-startStop-1] o.s.w.s.m.m.a.RequestMappingHandlerMapping [AbstractHandlerMethodMapping.java:217] Mapped "{[/api/groups/{id}],methods=[DELETE],produces=[application/json]}" onto public void mk.ukim.finki.wp.web.GroupController.delete(java.lang.Integer)
2016-12-08 19:00:42,948 INFO [localhost-startStop-1] o.s.w.s.m.m.a.RequestMappingHandlerMapping [AbstractHandlerMethodMapping.java:217] Mapped "{[/api/groups],methods=[POST],produces=[application/json]}" onto public void mk.ukim.finki.wp.web.GroupController.save(mk.ukim.finki.wp.model.Group)
2016-12-08 19:00:42,948 INFO [localhost-startStop-1] o.s.w.s.m.m.a.RequestMappingHandlerMapping [AbstractHandlerMethodMapping.java:217] Mapped "{[/api/groups],methods=[GET],produces=[application/json]}" onto public java.util.List<mk.ukim.finki.wp.model.Group> mk.ukim.finki.wp.web.GroupController.findAll()
2016-12-08 19:00:42,949 INFO [localhost-startStop-1] o.s.w.s.m.m.a.RequestMappingHandlerMapping [AbstractHandlerMethodMapping.java:217] Mapped "{[/api/groups/{id}],methods=[GET],produces=[application/json]}" onto public mk.ukim.finki.wp.model.Group mk.ukim.finki.wp.web.GroupController.findById(java.lang.Integer)
2016-12-08 19:00:42,950 INFO [localhost-startStop-1] o.s.w.s.m.m.a.RequestMappingHandlerMapping [AbstractHandlerMethodMapping.java:217] Mapped "{[/],methods=[GET]}" onto public org.springframework.web.servlet.ModelAndView mk.ukim.finki.wp.web.PizzaOrderController.index()
2016-12-08 19:00:42,952 INFO [localhost-startStop-1] o.s.w.s.m.m.a.RequestMappingHandlerMapping [AbstractHandlerMethodMapping.java:217] Mapped "{[/ShowClientInfo],methods=[POST]}" onto public org.springframework.web.servlet.ModelAndView mk.ukim.finki.wp.web.PizzaOrderController.ShowClientInfo(java.lang.String,javax.servlet.http.HttpSession)
2016-12-08 19:00:42,953 INFO [localhost-startStop-1] o.s.w.s.m.m.a.RequestMappingHandlerMapping [AbstractHandlerMethodMapping.java:217] Mapped "{[/PlaceOrder],methods=[POST]}" onto public org.springframework.web.servlet.ModelAndView mk.ukim.finki.wp.web.PizzaOrderController.PlaceOrder(java.lang.String,java.lang.String,javax.servlet.http.HttpSession)
2016-12-08 19:00:43,087 INFO [localhost-startStop-1] o.h.v.i.u.Version [Version.java:27] HV000001: Hibernate Validator 5.1.3.Final
2016-12-08 19:00:44,767 INFO [localhost-startStop-1] o.s.w.s.m.m.a.RequestMappingHandlerAdapter [RequestMappingHandlerAdapter.java:517] Looking for @ControllerAdvice: WebApplicationContext for namespace 'springDispatcher-servlet': startup date [Thu Dec 08 19:00:41 CET 2016]; parent: Root WebApplicationContext
2016-12-08 19:00:44,860 INFO [localhost-startStop-1] o.s.w.s.m.m.a.RequestMappingHandlerAdapter [RequestMappingHandlerAdapter.java:517] Looking for @ControllerAdvice: WebApplicationContext for namespace 'springDispatcher-servlet': startup date [Thu Dec 08 19:00:41 CET 2016]; parent: Root WebApplicationContext
2016-12-08 19:00:44,994 INFO [localhost-startStop-1] o.s.w.s.h.SimpleUrlHandlerMapping [AbstractUrlHandlerMapping.java:314] Mapped URL path [/**] onto handler 'org.springframework.web.servlet.resource.ResourceHttpRequestHandler#0'
2016-12-08 19:00:45,009 INFO [localhost-startStop-1] o.s.w.s.h.SimpleUrlHandlerMapping [AbstractUrlHandlerMapping.java:301] Root mapping to handler of type [class org.springframework.web.servlet.mvc.ParameterizableViewController]
2016-12-08 19:00:45,025 INFO [localhost-startStop-1] o.s.w.s.h.SimpleUrlHandlerMapping [AbstractUrlHandlerMapping.java:314] Mapped URL path [/**] onto handler 'org.springframework.web.servlet.resource.DefaultServletHttpRequestHandler#0'
2016-12-08 19:00:45,072 INFO [localhost-startStop-1] o.s.w.s.DispatcherServlet [FrameworkServlet.java:504] FrameworkServlet 'springDispatcher': initialization completed in 3813 ms
